C:\USERS\MSI\DESKTOP\RUSHHOUR\RUSHHOUR\DEBUG\RUSHHOUR.OBJ
C:\USERS\MSI\DESKTOP\RUSHHOUR\RUSHHOUR\DEBUG\VC110.PDB
C:\USERS\MSI\DESKTOP\RUSHHOUR\DEBUG\RUSHHOUR.ILK
C:\USERS\MSI\DESKTOP\RUSHHOUR\DEBUG\RUSHHOUR.EXE
C:\USERS\MSI\DESKTOP\RUSHHOUR\DEBUG\RUSHHOUR.PDB
C:\USERS\MSI\DESKTOP\RUSHHOUR\RUSHHOUR\DEBUG\RUSHHOUR.RES
C:\Users\MSI\Desktop\RushHour\RushHour\Debug\RushHour.obj
C:\Users\MSI\Desktop\RushHour\RushHour\Debug\cl.command.1.tlog
C:\Users\MSI\Desktop\RushHour\RushHour\Debug\CL.read.1.tlog
C:\Users\MSI\Desktop\RushHour\RushHour\Debug\CL.write.1.tlog
C:\Users\MSI\Desktop\RushHour\RushHour\Debug\link-cvtres.read.1.tlog
C:\Users\MSI\Desktop\RushHour\RushHour\Debug\link-cvtres.write.1.tlog
C:\Users\MSI\Desktop\RushHour\RushHour\Debug\link-rc.read.1.tlog
C:\Users\MSI\Desktop\RushHour\RushHour\Debug\link-rc.write.1.tlog
C:\Users\MSI\Desktop\RushHour\RushHour\Debug\link.command.1.tlog
C:\Users\MSI\Desktop\RushHour\RushHour\Debug\link.read.1.tlog
C:\Users\MSI\Desktop\RushHour\RushHour\Debug\link.write.1.tlog
C:\Users\MSI\Desktop\RushHour\RushHour\Debug\rc.command.1.tlog
C:\Users\MSI\Desktop\RushHour\RushHour\Debug\rc.read.1.tlog
C:\Users\MSI\Desktop\RushHour\RushHour\Debug\rc.write.1.tlog
C:\Users\MSI\Desktop\RushHour\RushHour\Debug\RushHour.res
C:\Users\MSI\Desktop\RushHour\RushHour\Debug\vc110.idb
C:\Users\MSI\Desktop\RushHour\RushHour\Debug\vc120.idb
C:\Users\MSI\Desktop\RushHour\RushHour\Debug\vc110.pdb
C:\Users\MSI\Desktop\RushHour\RushHour\Debug\vc120.pdb
C:\Users\MSI\Desktop\RushHour\Debug\RushHour.pdb
C:\Users\MSI\Desktop\RushHour\Debug\RushHour.exe
C:\Users\MSI\Desktop\RushHour\Debug\RushHour.ilk
